[08-Nov-2024 13:56:44 UTC] PHP Warning:  Attempt to read property "title" on null in /Users/jpcampora/Local Sites/campora-medallia/app/public/wp-includes/class-wp-customize-widgets.php on line 905
[08-Nov-2024 22:04:27 UTC] PHP Warning:  Attempt to read property "title" on null in /Users/jpcampora/Local Sites/campora-medallia/app/public/wp-includes/class-wp-customize-widgets.php on line 905
[08-Nov-2024 22:41:19 UTC] PHP Warning:  Attempt to read property "title" on null in /Users/jpcampora/Local Sites/campora-medallia/app/public/wp-includes/class-wp-customize-widgets.php on line 905
[08-Nov-2024 22:45:54 UTC] PHP Warning:  Attempt to read property "title" on null in /Users/jpcampora/Local Sites/campora-medallia/app/public/wp-includes/class-wp-customize-widgets.php on line 905
[08-Nov-2024 22:47:43 UTC] PHP Warning:  Attempt to read property "title" on null in /Users/jpcampora/Local Sites/campora-medallia/app/public/wp-includes/class-wp-customize-widgets.php on line 905
[08-Nov-2024 22:56:48 UTC] PHP Warning:  Attempt to read property "title" on null in /Users/jpcampora/Local Sites/campora-medallia/app/public/wp-includes/class-wp-customize-widgets.php on line 905
[08-Nov-2024 22:57:08 UTC] PHP Warning:  Attempt to read property "title" on null in /Users/jpcampora/Local Sites/campora-medallia/app/public/wp-includes/class-wp-customize-widgets.php on line 905
[08-Nov-2024 23:32:04 UTC] PHP Warning:  Attempt to read property "title" on null in /Users/jpcampora/Local Sites/campora-medallia/app/public/wp-includes/class-wp-customize-widgets.php on line 905
[08-Nov-2024 23:32:15 UTC] PHP Warning:  Attempt to read property "title" on null in /Users/jpcampora/Local Sites/campora-medallia/app/public/wp-includes/class-wp-customize-widgets.php on line 905
[09-Nov-2024 03:19:24 UTC] Cron unschedule event error for hook: do_pings, Error code: could_not_set, Error message: The cron event list could not be saved., Data: {"schedule":false,"args":[]}
[09-Nov-2024 14:47:44 UTC] Cron reschedule event error for hook: wp_privacy_delete_old_export_files, Error code: could_not_set, Error message: The cron event list could not be saved., Data: {"schedule":"hourly","args":[],"interval":3600}
[09-Nov-2024 17:30:47 UTC] PHP Warning:  Attempt to read property "title" on null in /Users/jpcampora/Local Sites/campora-medallia/app/public/wp-includes/class-wp-customize-widgets.php on line 905
[09-Nov-2024 17:36:02 UTC] PHP Warning:  Attempt to read property "title" on null in /Users/jpcampora/Local Sites/campora-medallia/app/public/wp-includes/class-wp-customize-widgets.php on line 905
[09-Nov-2024 18:20:32 UTC] PHP Warning:  Attempt to read property "title" on null in /Users/jpcampora/Local Sites/campora-medallia/app/public/wp-includes/class-wp-customize-widgets.php on line 905
[09-Nov-2024 18:20:37 UTC] PHP Warning:  Attempt to read property "title" on null in /Users/jpcampora/Local Sites/campora-medallia/app/public/wp-includes/class-wp-customize-widgets.php on line 905
[09-Nov-2024 18:28:42 UTC] PHP Warning:  Attempt to read property "title" on null in /Users/jpcampora/Local Sites/campora-medallia/app/public/wp-includes/class-wp-customize-widgets.php on line 905
[09-Nov-2024 18:45:28 UTC] PHP Warning:  Attempt to read property "title" on null in /Users/jpcampora/Local Sites/campora-medallia/app/public/wp-includes/class-wp-customize-widgets.php on line 905
[09-Nov-2024 18:55:40 UTC] PHP Warning:  Attempt to read property "title" on null in /Users/jpcampora/Local Sites/campora-medallia/app/public/wp-includes/class-wp-customize-widgets.php on line 905
[09-Nov-2024 19:08:33 UTC] PHP Warning:  Attempt to read property "title" on null in /Users/jpcampora/Local Sites/campora-medallia/app/public/wp-includes/class-wp-customize-widgets.php on line 905
[09-Nov-2024 19:08:40 UTC] PHP Warning:  Attempt to read property "title" on null in /Users/jpcampora/Local Sites/campora-medallia/app/public/wp-includes/class-wp-customize-widgets.php on line 905
[09-Nov-2024 19:16:08 UTC] PHP Warning:  Attempt to read property "title" on null in /Users/jpcampora/Local Sites/campora-medallia/app/public/wp-includes/class-wp-customize-widgets.php on line 905
[09-Nov-2024 19:23:19 UTC] PHP Warning:  Attempt to read property "title" on null in /Users/jpcampora/Local Sites/campora-medallia/app/public/wp-includes/class-wp-customize-widgets.php on line 905
[09-Nov-2024 19:29:35 UTC] PHP Warning:  Attempt to read property "title" on null in /Users/jpcampora/Local Sites/campora-medallia/app/public/wp-includes/class-wp-customize-widgets.php on line 905
[09-Nov-2024 20:13:15 UTC] PHP Warning:  Attempt to read property "title" on null in /Users/jpcampora/Local Sites/campora-medallia/app/public/wp-includes/class-wp-customize-widgets.php on line 905
[09-Nov-2024 20:19:27 UTC] PHP Warning:  Attempt to read property "title" on null in /Users/jpcampora/Local Sites/campora-medallia/app/public/wp-includes/class-wp-customize-widgets.php on line 905
[09-Nov-2024 20:28:58 UTC] PHP Warning:  Attempt to read property "title" on null in /Users/jpcampora/Local Sites/campora-medallia/app/public/wp-includes/class-wp-customize-widgets.php on line 905
[09-Nov-2024 20:32:42 UTC] PHP Warning:  Attempt to read property "title" on null in /Users/jpcampora/Local Sites/campora-medallia/app/public/wp-includes/class-wp-customize-widgets.php on line 905
[09-Nov-2024 20:43:00 UTC] PHP Warning:  Attempt to read property "title" on null in /Users/jpcampora/Local Sites/campora-medallia/app/public/wp-includes/class-wp-customize-widgets.php on line 905
[09-Nov-2024 20:45:27 UTC] PHP Warning:  Attempt to read property "title" on null in /Users/jpcampora/Local Sites/campora-medallia/app/public/wp-includes/class-wp-customize-widgets.php on line 905
[09-Nov-2024 20:55:19 UTC] PHP Warning:  Attempt to read property "title" on null in /Users/jpcampora/Local Sites/campora-medallia/app/public/wp-includes/class-wp-customize-widgets.php on line 905
[09-Nov-2024 21:01:03 UTC] PHP Warning:  Attempt to read property "title" on null in /Users/jpcampora/Local Sites/campora-medallia/app/public/wp-includes/class-wp-customize-widgets.php on line 905
[09-Nov-2024 21:04:42 UTC] PHP Warning:  Attempt to read property "title" on null in /Users/jpcampora/Local Sites/campora-medallia/app/public/wp-includes/class-wp-customize-widgets.php on line 905
[09-Nov-2024 21:06:56 UTC] PHP Warning:  Attempt to read property "title" on null in /Users/jpcampora/Local Sites/campora-medallia/app/public/wp-includes/class-wp-customize-widgets.php on line 905
[09-Nov-2024 21:23:40 UTC] PHP Warning:  Undefined array key "editor_post_id" in /Users/jpcampora/Local Sites/campora-medallia/app/public/wp-content/plugins/elementor/modules/history/revisions-manager.php on line 363
[09-Nov-2024 21:32:09 UTC] PHP Warning:  Attempt to read property "title" on null in /Users/jpcampora/Local Sites/campora-medallia/app/public/wp-includes/class-wp-customize-widgets.php on line 905
[09-Nov-2024 21:37:07 UTC] PHP Warning:  Undefined array key "editor_post_id" in /Users/jpcampora/Local Sites/campora-medallia/app/public/wp-content/plugins/elementor/modules/history/revisions-manager.php on line 363
[09-Nov-2024 21:38:39 UTC] PHP Warning:  Attempt to read property "title" on null in /Users/jpcampora/Local Sites/campora-medallia/app/public/wp-includes/class-wp-customize-widgets.php on line 905
[09-Nov-2024 21:39:27 UTC] PHP Warning:  Attempt to read property "title" on null in /Users/jpcampora/Local Sites/campora-medallia/app/public/wp-includes/class-wp-customize-widgets.php on line 905
[09-Nov-2024 22:07:57 UTC] PHP Warning:  Attempt to read property "title" on null in /Users/jpcampora/Local Sites/campora-medallia/app/public/wp-includes/class-wp-customize-widgets.php on line 905
[09-Nov-2024 22:08:43 UTC] PHP Warning:  Attempt to read property "title" on null in /Users/jpcampora/Local Sites/campora-medallia/app/public/wp-includes/class-wp-customize-widgets.php on line 905
[09-Nov-2024 22:27:48 UTC] PHP Warning:  Attempt to read property "title" on null in /Users/jpcampora/Local Sites/campora-medallia/app/public/wp-includes/class-wp-customize-widgets.php on line 905
[09-Nov-2024 22:45:53 UTC] PHP Warning:  Attempt to read property "title" on null in /Users/jpcampora/Local Sites/campora-medallia/app/public/wp-includes/class-wp-customize-widgets.php on line 905
[09-Nov-2024 23:03:00 UTC] PHP Warning:  Attempt to read property "title" on null in /Users/jpcampora/Local Sites/campora-medallia/app/public/wp-includes/class-wp-customize-widgets.php on line 905
[09-Nov-2024 23:21:38 UTC] PHP Warning:  Attempt to read property "title" on null in /Users/jpcampora/Local Sites/campora-medallia/app/public/wp-includes/class-wp-customize-widgets.php on line 905
[09-Nov-2024 23:23:38 UTC] PHP Warning:  Attempt to read property "title" on null in /Users/jpcampora/Local Sites/campora-medallia/app/public/wp-includes/class-wp-customize-widgets.php on line 905
[10-Nov-2024 00:53:33 UTC] PHP Warning:  Attempt to read property "title" on null in /Users/jpcampora/Local Sites/campora-medallia/app/public/wp-includes/class-wp-customize-widgets.php on line 905
[10-Nov-2024 01:18:36 UTC] PHP Warning:  Attempt to read property "title" on null in /Users/jpcampora/Local Sites/campora-medallia/app/public/wp-includes/class-wp-customize-widgets.php on line 905
[10-Nov-2024 01:20:44 UTC] PHP Parse error:  syntax error, unexpected token "function" in /Users/jpcampora/Local Sites/campora-medallia/app/public/wp-content/themes/hello-elementor/functions.php on line 419
[10-Nov-2024 01:20:44 UTC] PHP Warning:  Trying to access array offset on value of type bool in /Users/jpcampora/Local Sites/campora-medallia/app/public/wp-includes/class-wp-recovery-mode-email-service.php on line 367
[10-Nov-2024 01:20:44 UTC] PHP Warning:  Trying to access array offset on value of type bool in /Users/jpcampora/Local Sites/campora-medallia/app/public/wp-includes/class-wp-recovery-mode-email-service.php on line 368
[10-Nov-2024 01:20:46 UTC] PHP Parse error:  syntax error, unexpected token "function" in /Users/jpcampora/Local Sites/campora-medallia/app/public/wp-content/themes/hello-elementor/functions.php on line 419
[10-Nov-2024 01:20:46 UTC] PHP Parse error:  syntax error, unexpected token "function" in /Users/jpcampora/Local Sites/campora-medallia/app/public/wp-content/themes/hello-elementor/functions.php on line 419
[10-Nov-2024 01:20:50 UTC] PHP Parse error:  syntax error, unexpected token "function" in /Users/jpcampora/Local Sites/campora-medallia/app/public/wp-content/themes/hello-elementor/functions.php on line 419
[10-Nov-2024 01:21:08 UTC] PHP Parse error:  syntax error, unexpected token "function" in /Users/jpcampora/Local Sites/campora-medallia/app/public/wp-content/themes/hello-elementor/functions.php on line 419
[10-Nov-2024 01:21:08 UTC] PHP Parse error:  syntax error, unexpected token "function" in /Users/jpcampora/Local Sites/campora-medallia/app/public/wp-content/themes/hello-elementor/functions.php on line 419
[10-Nov-2024 01:23:56 UTC] PHP Warning:  Attempt to read property "title" on null in /Users/jpcampora/Local Sites/campora-medallia/app/public/wp-includes/class-wp-customize-widgets.php on line 905
[10-Nov-2024 01:27:36 UTC] PHP Warning:  Attempt to read property "title" on null in /Users/jpcampora/Local Sites/campora-medallia/app/public/wp-includes/class-wp-customize-widgets.php on line 905
[10-Nov-2024 01:56:03 UTC] Cron reschedule event error for hook: action_scheduler_run_queue, Error code: invalid_schedule, Error message: Event schedule does not exist., Data: {"schedule":"every_minute","args":["WP Cron"],"interval":60}
[10-Nov-2024 01:56:19 UTC] Cron reschedule event error for hook: action_scheduler_run_queue, Error code: invalid_schedule, Error message: Event schedule does not exist., Data: {"schedule":"every_minute","args":["WP Cron"],"interval":60}
[10-Nov-2024 12:38:54 UTC] PHP Warning:  Attempt to read property "title" on null in /Users/jpcampora/Local Sites/campora-medallia/app/public/wp-includes/class-wp-customize-widgets.php on line 905
